<?xml version="1.0" encoding="UTF-8"?>
<!-- Generated by org.testng.reporters.JUnitXMLReporter -->
<testsuite ignored="0" hostname="DESKTOP-R72PV3H" failures="0" tests="9" name="Default test" time="132.905" errors="0" timestamp="2024-05-31T10:08:32 IST">
  <testcase classname="com.runner.Amazon1" name="inValidEmailId" time="4.767"/>
  <testcase classname="com.runner.Amazon1" name="validEmailIdAndInvalidPassword" time="19.077"/>
  <testcase classname="com.runner.Amazon1" name="emailIdWithEmptyText" time="2.595"/>
  <testcase classname="com.runner.Amazon1" name="validEmailIdWithEmptyPassword" time="3.7"/>
  <testcase classname="com.runner.Amazon1" name="validLoginTest" time="13.818"/>
  <testcase classname="com.runner.Amazon1" name="searchProduct" time="16.184"/>
  <testcase classname="com.runner.Amazon1" name="searchProduct2" time="12.241"/>
  <testcase classname="com.runner.Amazon1" name="searchProduct3" time="14.86"/>
  <testcase classname="com.runner.Amazon1" name="makePayment" time="37.693"/>
</testsuite> <!-- Default test -->
